2017-09-18 00:20:23.741+0000 ERROR [o.n.k.i.u.w.DefaultFileDeletionEventListener] 'neostore' which belongs to the store was deleted while database was running.
2017-09-18 00:20:23.859+0000 ERROR [o.n.k.i.u.w.DefaultFileDeletionEventListener] 'neostore.labeltokenstore.db.names.id' which belongs to the store was deleted while database was running.
2017-09-18 00:20:23.859+0000 ERROR [o.n.k.i.u.w.DefaultFileDeletionEventListener] 'neostore.propertystore.db.arrays' which belongs to the store was deleted while database was running.
2017-09-18 00:20:23.859+0000 ERROR [o.n.k.i.u.w.DefaultFileDeletionEventListener] 'neostore.labeltokenstore.db.id' which belongs to the store was deleted while database was running.
2017-09-18 00:20:23.750+0000 INFO [o.n.k.i.l.StoreLogService] Opened new internal log file
2017-09-18 00:20:23.773+0000 INFO [o.n.k.i.DiagnosticsManager] Graph Database: community single StoreId{creationTime=1505364286052, randomId=5831402364338857246, storeVersion=15813456178476550, upgradeTime=1505364286052, upgradeId=1}
2017-09-18 00:20:23.773+0000 INFO [o.n.k.i.DiagnosticsManager] Kernel version: 3.2.3,36205d3138eff7e252a34c1a0224f84ad8747758
2017-09-18 00:20:23.773+0000 INFO [o.n.k.i.DiagnosticsManager] Neo4j Kernel properties:
2017-09-18 00:20:23.775+0000 INFO [o.n.k.i.DiagnosticsManager] dbms.connector.http.enabled=true
2017-09-18 00:20:23.775+0000 INFO [o.n.k.i.DiagnosticsManager] unsupported.dbms.block_size.labels=56
2017-09-18 00:20:23.775+0000 INFO [o.n.k.i.DiagnosticsManager] dbms.security.auth_enabled=false
2017-09-18 00:20:23.775+0000 INFO [o.n.k.i.DiagnosticsManager] dbms.connector.bolt.type=BOLT
2017-09-18 00:20:23.775+0000 INFO [o.n.k.i.DiagnosticsManager] dbms.connector.http.listen_address=localhost:7474
2017-09-18 00:20:23.775+0000 INFO [o.n.k.i.DiagnosticsManager] unsupported.dbms.directories.neo4j_home=/Users/coraline/Documents/projects/alice/db/neo4j/DEVELOPMENT
2017-09-18 00:20:23.775+0000 INFO [o.n.k.i.DiagnosticsManager] dbms.directories.import=import
2017-09-18 00:20:23.775+0000 INFO [o.n.k.i.DiagnosticsManager] dbms.connector.https.enabled=false
2017-09-18 00:20:23.775+0000 INFO [o.n.k.i.DiagnosticsManager] dbms.connector.http.type=HTTP
2017-09-18 00:20:23.775+0000 INFO [o.n.k.i.DiagnosticsManager] dbms.jvm.additional=-Dunsupported.dbms.udc.source=tarball
2017-09-18 00:20:23.775+0000 INFO [o.n.k.i.DiagnosticsManager] dbms.tx_log.rotation.retention_policy=1 days
2017-09-18 00:20:23.775+0000 INFO [o.n.k.i.DiagnosticsManager] unsupported.dbms.block_size.strings=120
2017-09-18 00:20:23.775+0000 INFO [o.n.k.i.DiagnosticsManager] dbms.windows_service_name=neo4j
2017-09-18 00:20:23.775+0000 INFO [o.n.k.i.DiagnosticsManager] dbms.connector.https.listen_address=localhost:7473
2017-09-18 00:20:23.775+0000 INFO [o.n.k.i.DiagnosticsManager] dbms.connector.bolt.listen_address=localhost:7472
2017-09-18 00:20:23.775+0000 INFO [o.n.k.i.DiagnosticsManager] unsupported.dbms.block_size.array_properties=120
2017-09-18 00:20:23.775+0000 INFO [o.n.k.i.DiagnosticsManager] dbms.connector.https.type=HTTP
2017-09-18 00:20:23.775+0000 INFO [o.n.k.i.DiagnosticsManager] unsupported.dbms.edition=community
2017-09-18 00:20:23.775+0000 INFO [o.n.k.i.DiagnosticsManager] dbms.connector.bolt.enabled=true
2017-09-18 00:20:23.776+0000 INFO [o.n.k.i.DiagnosticsManager] Diagnostics providers:
2017-09-18 00:20:23.778+0000 INFO [o.n.k.i.DiagnosticsManager] KernelDiagnostics:Versions
2017-09-18 00:20:23.778+0000 INFO [o.n.k.i.DiagnosticsManager] org.neo4j.kernel.configuration.Config
2017-09-18 00:20:23.778+0000 INFO [o.n.k.i.DiagnosticsManager] org.neo4j.kernel.info.DiagnosticsManager
2017-09-18 00:20:23.778+0000 INFO [o.n.k.i.DiagnosticsManager] SYSTEM_MEMORY
2017-09-18 00:20:23.779+0000 INFO [o.n.k.i.DiagnosticsManager] JAVA_MEMORY
2017-09-18 00:20:23.779+0000 INFO [o.n.k.i.DiagnosticsManager] OPERATING_SYSTEM
2017-09-18 00:20:23.780+0000 INFO [o.n.k.i.DiagnosticsManager] JAVA_VIRTUAL_MACHINE
2017-09-18 00:20:23.782+0000 INFO [o.n.k.i.DiagnosticsManager] CLASSPATH
2017-09-18 00:20:23.782+0000 INFO [o.n.k.i.DiagnosticsManager] LIBRARY_PATH
2017-09-18 00:20:23.782+0000 INFO [o.n.k.i.DiagnosticsManager] SYSTEM_PROPERTIES
2017-09-18 00:20:23.782+0000 INFO [o.n.k.i.DiagnosticsManager] NETWORK
2017-09-18 00:20:23.782+0000 INFO [o.n.k.i.DiagnosticsManager] NEO_STORE_VERSIONS
2017-09-18 00:20:23.782+0000 INFO [o.n.k.i.DiagnosticsManager] NEO_STORE_ID_USAGE
2017-09-18 00:20:23.782+0000 INFO [o.n.k.i.DiagnosticsManager] NEO_STORE_RECORDS
2017-09-18 00:20:23.782+0000 INFO [o.n.k.i.DiagnosticsManager] TRANSACTION_RANGE
2017-09-18 00:20:23.782+0000 INFO [o.n.k.i.DiagnosticsManager] KernelDiagnostics:StoreFiles
2017-09-18 00:20:23.782+0000 INFO [o.n.k.i.DiagnosticsManager] System memory information:
2017-09-18 00:20:23.790+0000 INFO [o.n.k.i.DiagnosticsManager] Total Physical memory: 16.00 GB
2017-09-18 00:20:23.791+0000 INFO [o.n.k.i.DiagnosticsManager] Free Physical memory: 23.92 MB
2017-09-18 00:20:23.791+0000 INFO [o.n.k.i.DiagnosticsManager] Committed virtual memory: 8.28 GB
2017-09-18 00:20:23.791+0000 INFO [o.n.k.i.DiagnosticsManager] Total swap space: 4.00 GB
2017-09-18 00:20:23.791+0000 INFO [o.n.k.i.DiagnosticsManager] Free swap space: 915.25 MB
2017-09-18 00:20:23.791+0000 INFO [o.n.k.i.DiagnosticsManager] JVM memory information:
2017-09-18 00:20:23.792+0000 INFO [o.n.k.i.DiagnosticsManager] Free  memory: 85.48 MB
2017-09-18 00:20:23.792+0000 INFO [o.n.k.i.DiagnosticsManager] Total memory: 256.00 MB
2017-09-18 00:20:23.792+0000 INFO [o.n.k.i.DiagnosticsManager] Max   memory: 4.00 GB
2017-09-18 00:20:23.795+0000 INFO [o.n.k.i.DiagnosticsManager] Garbage Collector: G1 Young Generation: [G1 Eden Space, G1 Survivor Space]
2017-09-18 00:20:23.795+0000 INFO [o.n.k.i.DiagnosticsManager] Garbage Collector: G1 Old Generation: [G1 Eden Space, G1 Survivor Space, G1 Old Gen]
2017-09-18 00:20:23.796+0000 INFO [o.n.k.i.DiagnosticsManager] Memory Pool: Code Cache (Non-heap memory): committed=48.19 MB, used=47.81 MB, max=240.00 MB, threshold=0.00 B
2017-09-18 00:20:23.796+0000 INFO [o.n.k.i.DiagnosticsManager] Memory Pool: Metaspace (Non-heap memory): committed=73.95 MB, used=71.41 MB, max=-1.00 B, threshold=0.00 B
2017-09-18 00:20:23.796+0000 INFO [o.n.k.i.DiagnosticsManager] Memory Pool: Compressed Class Space (Non-heap memory): committed=11.20 MB, used=10.63 MB, max=1.00 GB, threshold=0.00 B
2017-09-18 00:20:23.796+0000 INFO [o.n.k.i.DiagnosticsManager] Memory Pool: G1 Eden Space (Heap memory): committed=134.00 MB, used=80.00 MB, max=-1.00 B, threshold=?
2017-09-18 00:20:23.796+0000 INFO [o.n.k.i.DiagnosticsManager] Memory Pool: G1 Survivor Space (Heap memory): committed=11.00 MB, used=11.00 MB, max=-1.00 B, threshold=?
2017-09-18 00:20:23.796+0000 INFO [o.n.k.i.DiagnosticsManager] Memory Pool: G1 Old Gen (Heap memory): committed=111.00 MB, used=79.25 MB, max=4.00 GB, threshold=0.00 B
2017-09-18 00:20:23.796+0000 INFO [o.n.k.i.DiagnosticsManager] Operating system information:
2017-09-18 00:20:23.798+0000 INFO [o.n.k.i.DiagnosticsManager] Operating System: Mac OS X; version: 10.12.6; arch: x86_64; cpus: 8
2017-09-18 00:20:23.798+0000 INFO [o.n.k.i.DiagnosticsManager] Max number of file descriptors: 10240
2017-09-18 00:20:23.799+0000 INFO [o.n.k.i.DiagnosticsManager] Number of open file descriptors: 333
2017-09-18 00:20:23.801+0000 INFO [o.n.k.i.DiagnosticsManager] Process id: 52909@Nemesis.local
2017-09-18 00:20:23.802+0000 INFO [o.n.k.i.DiagnosticsManager] Byte order: LITTLE_ENDIAN
2017-09-18 00:20:23.802+0000 INFO [o.n.k.i.DiagnosticsManager] Local timezone: America/Chicago
2017-09-18 00:20:23.802+0000 INFO [o.n.k.i.DiagnosticsManager] JVM information:
2017-09-18 00:20:23.802+0000 INFO [o.n.k.i.DiagnosticsManager] VM Name: Java HotSpot(TM) 64-Bit Server VM
2017-09-18 00:20:23.802+0000 INFO [o.n.k.i.DiagnosticsManager] VM Vendor: Oracle Corporation
2017-09-18 00:20:23.802+0000 INFO [o.n.k.i.DiagnosticsManager] VM Version: 25.73-b02
2017-09-18 00:20:23.803+0000 INFO [o.n.k.i.DiagnosticsManager] JIT compiler: HotSpot 64-Bit Tiered Compilers
2017-09-18 00:20:23.803+0000 INFO [o.n.k.i.DiagnosticsManager] VM Arguments: [-XX:+UseG1GC, -XX:-OmitStackTraceInFastThrow, -XX:+AlwaysPreTouch, -XX:+UnlockExperimentalVMOptions, -XX:+TrustFinalNonStaticFields, -XX:+DisableExplicitGC, -Djdk.tls.ephemeralDHKeySize=2048, -Dunsupported.dbms.udc.source=tarball, -Dfile.encoding=UTF-8]
2017-09-18 00:20:23.804+0000 INFO [o.n.k.i.DiagnosticsManager] Java classpath:
2017-09-18 00:20:23.831+0000 INFO [o.n.k.i.DiagnosticsManager]  [loader.1] file:/Library/Internet%20Plug-Ins/JavaAppletPlugin.plugin/Contents/Home/lib/ext/jfxrt.jar
2017-09-18 00:20:23.831+0000 INFO [o.n.k.i.DiagnosticsManager]  [classpath + loader.0] file:/Users/coraline/Documents/projects/alice/db/neo4j/development/lib/neo4j-security-3.2.3.jar
2017-09-18 00:20:23.831+0000 INFO [o.n.k.i.DiagnosticsManager]  [loader.1] file:/Library/Internet%20Plug-Ins/JavaAppletPlugin.plugin/Contents/Home/lib/ext/cldrdata.jar
2017-09-18 00:20:23.831+0000 INFO [o.n.k.i.DiagnosticsManager]  [classpath + loader.0] file:/Users/coraline/Documents/projects/alice/db/neo4j/development/lib/neo4j-cypher-compiler-3.2-3.2.3.jar
2017-09-18 00:20:23.831+0000 INFO [o.n.k.i.DiagnosticsManager]  [classpath + loader.0] file:/Users/coraline/Documents/projects/alice/db/neo4j/development/lib/neo4j-ssl-3.2.3.jar
2017-09-18 00:20:23.831+0000 INFO [o.n.k.i.DiagnosticsManager]  [bootstrap] /Library/Internet Plug-Ins/JavaAppletPlugin.plugin/Contents/Home/lib/resources.jar
2017-09-18 00:20:23.831+0000 INFO [o.n.k.i.DiagnosticsManager]  [classpath + loader.0] file:/Users/coraline/Documents/projects/alice/db/neo4j/development/lib/neo4j-codegen-3.2.3.jar
2017-09-18 00:20:23.831+0000 INFO [o.n.k.i.DiagnosticsManager]  [loader.1] file:/Library/Internet%20Plug-Ins/JavaAppletPlugin.plugin/Contents/Home/lib/ext/sunjce_provider.jar
2017-09-18 00:20:23.831+0000 INFO [o.n.k.i.DiagnosticsManager]  [classpath + loader.0] file:/Users/coraline/Documents/projects/alice/db/neo4j/development/lib/commons-io-2.4.jar
2017-09-18 00:20:23.831+0000 INFO [o.n.k.i.DiagnosticsManager]  [classpath + loader.0] file:/Users/coraline/Documents/projects/alice/db/neo4j/development/lib/jetty-server-9.2.9.v20150224.jar
2017-09-18 00:20:23.831+0000 INFO [o.n.k.i.DiagnosticsManager]  [classpath + loader.0] file:/Users/coraline/Documents/projects/alice/db/neo4j/development/lib/lucene-queryparser-5.5.0.jar
2017-09-18 00:20:23.831+0000 INFO [o.n.k.i.DiagnosticsManager]  [classpath + loader.0] file:/Users/coraline/Documents/projects/alice/db/neo4j/development/lib/parboiled-scala_2.11-1.1.7.jar
2017-09-18 00:20:23.831+0000 INFO [o.n.k.i.DiagnosticsManager]  [classpath + loader.0] file:/Users/coraline/Documents/projects/alice/db/neo4j/development/lib/jetty-servlet-9.2.9.v20150224.jar
2017-09-18 00:20:23.831+0000 INFO [o.n.k.i.DiagnosticsManager]  [classpath + loader.0] file:/Users/coraline/Documents/projects/alice/db/neo4j/development/lib/commons-lang3-3.3.2.jar
2017-09-18 00:20:23.831+0000 INFO [o.n.k.i.DiagnosticsManager]  [classpath + loader.0] file:/Users/coraline/Documents/projects/alice/db/neo4j/development/lib/neo4j-cypher-frontend-3.1-3.1.5.jar
2017-09-18 00:20:23.831+0000 INFO [o.n.k.i.DiagnosticsManager]  [classpath + loader.0] file:/Users/coraline/Documents/projects/alice/db/neo4j/development/lib/commons-configuration-1.10.jar
2017-09-18 00:20:23.831+0000 INFO [o.n.k.i.DiagnosticsManager]  [classpath + loader.0] file:/Users/coraline/Documents/projects/alice/db/neo4j/development/lib/neo4j-graph-matching-3.1.3.jar
2017-09-18 00:20:23.831+0000 INFO [o.n.k.i.DiagnosticsManager]  [classpath + loader.0] file:/Users/coraline/Documents/projects/alice/db/neo4j/development/lib/neo4j-browser-3.0.5.jar
2017-09-18 00:20:23.831+0000 INFO [o.n.k.i.DiagnosticsManager]  [classpath + loader.0] file:/Users/coraline/Documents/projects/alice/db/neo4j/development/lib/jackson-jaxrs-1.9.13.jar
2017-09-18 00:20:23.831+0000 INFO [o.n.k.i.DiagnosticsManager]  [classpath + loader.0] file:/Users/coraline/Documents/projects/alice/db/neo4j/development/lib/neo4j-common-3.2.3.jar
2017-09-18 00:20:23.831+0000 INFO [o.n.k.i.DiagnosticsManager]  [classpath + loader.0] file:/Users/coraline/Documents/projects/alice/db/neo4j/development/lib/bcpkix-jdk15on-1.53.jar
2017-09-18 00:20:23.831+0000 INFO [o.n.k.i.DiagnosticsManager]  [classpath + loader.0] file:/Users/coraline/Documents/projects/alice/db/neo4j/development/lib/jackson-mapper-asl-1.9.13.jar
2017-09-18 00:20:23.831+0000 INFO [o.n.k.i.DiagnosticsManager]  [classpath + loader.0] file:/Users/coraline/Documents/projects/alice/db/neo4j/development/lib/neo4j-server-3.2.3.jar
2017-09-18 00:20:23.831+0000 INFO [o.n.k.i.DiagnosticsManager]  [classpath + loader.0] file:/Users/coraline/Documents/projects/alice/db/neo4j/development/lib/neo4j-primitive-collections-3.2.3.jar
2017-09-18 00:20:23.831+0000 INFO [o.n.k.i.DiagnosticsManager]  [classpath + loader.0] file:/Users/coraline/Documents/projects/alice/db/neo4j/development/conf/
2017-09-18 00:20:23.831+0000 INFO [o.n.k.i.DiagnosticsManager]  [classpath + loader.0] file:/Users/coraline/Documents/projects/alice/db/neo4j/development/lib/neo4j-cypher-3.2.3.jar
2017-09-18 00:20:23.831+0000 INFO [o.n.k.i.DiagnosticsManager]  [classpath + loader.0] file:/Users/coraline/Documents/projects/alice/db/neo4j/development/lib/jetty-xml-9.2.9.v20150224.jar
2017-09-18 00:20:23.831+0000 INFO [o.n.k.i.DiagnosticsManager]  [classpath + loader.0] file:/Users/coraline/Documents/projects/alice/db/neo4j/development/lib/concurrentlinkedhashmap-lru-1.4.2.jar
2017-09-18 00:20:23.831+0000 INFO [o.n.k.i.DiagnosticsManager]  [classpath + loader.0] file:/Users/coraline/Documents/projects/alice/db/neo4j/development/lib/neo4j-cypher-frontend-2.3-2.3.11.jar
2017-09-18 00:20:23.831+0000 INFO [o.n.k.i.DiagnosticsManager]  [bootstrap] /Library/Internet Plug-Ins/JavaAppletPlugin.plugin/Contents/Home/lib/jsse.jar
2017-09-18 00:20:23.831+0000 INFO [o.n.k.i.DiagnosticsManager]  [loader.1] file:/Library/Internet%20Plug-Ins/JavaAppletPlugin.plugin/Contents/Home/lib/ext/jaccess.jar
2017-09-18 00:20:23.831+0000 INFO [o.n.k.i.DiagnosticsManager]  [bootstrap] /Library/Internet Plug-Ins/JavaAppletPlugin.plugin/Contents/Home/lib/charsets.jar
2017-09-18 00:20:23.831+0000 INFO [o.n.k.i.DiagnosticsManager]  [classpath + loader.0] file:/Users/coraline/Documents/projects/alice/db/neo4j/development/lib/jsr311-api-1.1.2.r612.jar
2017-09-18 00:20:23.831+0000 INFO [o.n.k.i.DiagnosticsManager]  [classpath + loader.0] file:/Users/coraline/Documents/projects/alice/db/neo4j/development/lib/jetty-webapp-9.2.9.v20150224.jar
2017-09-18 00:20:23.831+0000 INFO [o.n.k.i.DiagnosticsManager]  [loader.1] file:/Library/Internet%20Plug-Ins/JavaAppletPlugin.plugin/Contents/Home/lib/ext/sunpkcs11.jar
2017-09-18 00:20:23.831+0000 INFO [o.n.k.i.DiagnosticsManager]  [classpath + loader.0] file:/Users/coraline/Documents/projects/alice/db/neo4j/development/lib/jetty-util-9.2.9.v20150224.jar
2017-09-18 00:20:23.831+0000 INFO [o.n.k.i.DiagnosticsManager]  [classpath + loader.0] file:/Users/coraline/Documents/projects/alice/db/neo4j/development/lib/mimepull-1.9.3.jar
2017-09-18 00:20:23.831+0000 INFO [o.n.k.i.DiagnosticsManager]  [bootstrap] /Library/Internet Plug-Ins/JavaAppletPlugin.plugin/Contents/Home/classes
2017-09-18 00:20:23.831+0000 INFO [o.n.k.i.DiagnosticsManager]  [classpath + loader.0] file:/Users/coraline/Documents/projects/alice/db/neo4j/development/lib/lucene-core-5.5.0.jar
2017-09-18 00:20:23.831+0000 INFO [o.n.k.i.DiagnosticsManager]  [loader.1] file:/Library/Internet%20Plug-Ins/JavaAppletPlugin.plugin/Contents/Home/lib/ext/nashorn.jar
2017-09-18 00:20:23.831+0000 INFO [o.n.k.i.DiagnosticsManager]  [classpath + loader.0] file:/Users/coraline/Documents/projects/alice/db/neo4j/development/lib/neo4j-cypher-frontend-3.2-3.2.3.jar
2017-09-18 00:20:23.831+0000 INFO [o.n.k.i.DiagnosticsManager]  [classpath + loader.0] file:/Users/coraline/Documents/projects/alice/db/neo4j/development/lib/neo4j-index-3.2.3.jar
2017-09-18 00:20:23.831+0000 INFO [o.n.k.i.DiagnosticsManager]  [classpath + loader.0] file:/Users/coraline/Documents/projects/alice/db/neo4j/development/lib/neo4j-cypher-compiler-3.1-3.1.5.jar
2017-09-18 00:20:23.831+0000 INFO [o.n.k.i.DiagnosticsManager]  [classpath + loader.0] file:/Users/coraline/Documents/projects/alice/db/neo4j/development/lib/neo4j-bolt-3.2.3.jar
2017-09-18 00:20:23.831+0000 INFO [o.n.k.i.DiagnosticsManager]  [classpath + loader.0] file:/Users/coraline/Documents/projects/alice/db/neo4j/development/lib/scala-library-2.11.8.jar
2017-09-18 00:20:23.831+0000 INFO [o.n.k.i.DiagnosticsManager]  [classpath + loader.0] file:/Users/coraline/Documents/projects/alice/db/neo4j/development/lib/neo4j-graph-algo-3.2.3.jar
2017-09-18 00:20:23.831+0000 INFO [o.n.k.i.DiagnosticsManager]  [classpath + loader.0] file:/Users/coraline/Documents/projects/alice/db/neo4j/development/lib/neo4j-import-tool-3.2.3.jar
2017-09-18 00:20:23.831+0000 INFO [o.n.k.i.DiagnosticsManager]  [classpath + loader.0] file:/Users/coraline/Documents/projects/alice/db/neo4j/development/lib/scala-reflect-2.11.8.jar
2017-09-18 00:20:23.831+0000 INFO [o.n.k.i.DiagnosticsManager]  [classpath + loader.0] file:/Users/coraline/Documents/projects/alice/db/neo4j/development/lib/caffeine-2.3.3.jar
2017-09-18 00:20:23.831+0000 INFO [o.n.k.i.DiagnosticsManager]  [classpath + loader.0] file:/Users/coraline/Documents/projects/alice/db/neo4j/development/lib/jline-2.12.jar
2017-09-18 00:20:23.831+0000 INFO [o.n.k.i.DiagnosticsManager]  [classpath + loader.0] file:/Users/coraline/Documents/projects/alice/db/neo4j/development/lib/neo4j-lucene-index-3.2.3.jar
2017-09-18 00:20:23.831+0000 INFO [o.n.k.i.DiagnosticsManager]  [classpath + loader.0] file:/Users/coraline/Documents/projects/alice/db/neo4j/development/lib/commons-logging-1.1.1.jar
2017-09-18 00:20:23.831+0000 INFO [o.n.k.i.DiagnosticsManager]  [classpath + loader.0] file:/Users/coraline/Documents/projects/alice/db/neo4j/development/lib/neo4j-shell-3.2.3.jar
2017-09-18 00:20:23.831+0000 INFO [o.n.k.i.DiagnosticsManager]  [classpath + loader.0] file:/Users/coraline/Documents/projects/alice/db/neo4j/development/lib/neo4j-configuration-3.2.3.jar
2017-09-18 00:20:23.831+0000 INFO [o.n.k.i.DiagnosticsManager]  [loader.1] file:/Library/Internet%20Plug-Ins/JavaAppletPlugin.plugin/Contents/Home/lib/ext/zipfs.jar
2017-09-18 00:20:23.831+0000 INFO [o.n.k.i.DiagnosticsManager]  [classpath + loader.0] file:/Users/coraline/Documents/projects/alice/db/neo4j/development/lib/commons-digester-2.1.jar
2017-09-18 00:20:23.831+0000 INFO [o.n.k.i.DiagnosticsManager]  [classpath + loader.0] file:/Users/coraline/Documents/projects/alice/db/neo4j/development/lib/jackson-core-asl-1.9.13.jar
2017-09-18 00:20:23.831+0000 INFO [o.n.k.i.DiagnosticsManager]  [classpath + loader.0] file:/Users/coraline/Documents/projects/alice/db/neo4j/development/lib/neo4j-consistency-check-3.2.3.jar
2017-09-18 00:20:23.831+0000 INFO [o.n.k.i.DiagnosticsManager]  [classpath + loader.0] file:/Users/coraline/Documents/projects/alice/db/neo4j/development/lib/rhino-1.7R4.jar
2017-09-18 00:20:23.831+0000 INFO [o.n.k.i.DiagnosticsManager]  [classpath + loader.0] file:/Users/coraline/Documents/projects/alice/db/neo4j/development/lib/commons-lang-2.6.jar
2017-09-18 00:20:23.831+0000 INFO [o.n.k.i.DiagnosticsManager]  [classpath + loader.0] file:/Users/coraline/Documents/projects/alice/db/neo4j/development/plugins/
2017-09-18 00:20:23.831+0000 INFO [o.n.k.i.DiagnosticsManager]  [classpath + loader.0] file:/Users/coraline/Documents/projects/alice/db/neo4j/development/lib/parboiled-core-1.1.7.jar
2017-09-18 00:20:23.831+0000 INFO [o.n.k.i.DiagnosticsManager]  [loader.1] file:/Library/Internet%20Plug-Ins/JavaAppletPlugin.plugin/Contents/Home/lib/ext/localedata.jar
2017-09-18 00:20:23.831+0000 INFO [o.n.k.i.DiagnosticsManager]  [classpath + loader.0] file:/Users/coraline/Documents/projects/alice/db/neo4j/development/lib/jetty-security-9.2.9.v20150224.jar
2017-09-18 00:20:23.831+0000 INFO [o.n.k.i.DiagnosticsManager]  [loader.1] file:/Library/Internet%20Plug-Ins/JavaAppletPlugin.plugin/Contents/Home/lib/ext/sunec.jar
2017-09-18 00:20:23.831+0000 INFO [o.n.k.i.DiagnosticsManager]  [classpath + loader.0] file:/Users/coraline/Documents/projects/alice/db/neo4j/development/lib/commons-compress-1.12.jar
2017-09-18 00:20:23.831+0000 INFO [o.n.k.i.DiagnosticsManager]  [classpath + loader.0] file:/Users/coraline/Documents/projects/alice/db/neo4j/development/lib/jersey-multipart-1.19.jar
2017-09-18 00:20:23.831+0000 INFO [o.n.k.i.DiagnosticsManager]  [loader.1] file:/Library/Internet%20Plug-Ins/JavaAppletPlugin.plugin/Contents/Home/lib/ext/dnsns.jar
2017-09-18 00:20:23.831+0000 INFO [o.n.k.i.DiagnosticsManager]  [bootstrap] /Library/Internet Plug-Ins/JavaAppletPlugin.plugin/Contents/Home/lib/sunrsasign.jar
2017-09-18 00:20:23.831+0000 INFO [o.n.k.i.DiagnosticsManager]  [classpath + loader.0] file:/Users/coraline/Documents/projects/alice/db/neo4j/development/lib/server-api-3.2.3.jar
2017-09-18 00:20:23.831+0000 INFO [o.n.k.i.DiagnosticsManager]  [classpath + loader.0] file:/Users/coraline/Documents/projects/alice/db/neo4j/development/lib/neo4j-cypher-compiler-2.3-2.3.11.jar
2017-09-18 00:20:23.831+0000 INFO [o.n.k.i.DiagnosticsManager]  [classpath + loader.0] file:/Users/coraline/Documents/projects/alice/db/neo4j/development/lib/neo4j-lucene-upgrade-3.2.3.jar
2017-09-18 00:20:23.831+0000 INFO [o.n.k.i.DiagnosticsManager]  [classpath + loader.0] file:/Users/coraline/Documents/projects/alice/db/neo4j/development/lib/asm-5.2.jar
2017-09-18 00:20:23.831+0000 INFO [o.n.k.i.DiagnosticsManager]  [bootstrap] /Library/Internet Plug-Ins/JavaAppletPlugin.plugin/Contents/Home/lib/jfr.jar
2017-09-18 00:20:23.831+0000 INFO [o.n.k.i.DiagnosticsManager]  [classpath + loader.0] file:/Users/coraline/Documents/projects/alice/db/neo4j/development/lib/commons-beanutils-1.8.3.jar
2017-09-18 00:20:23.831+0000 INFO [o.n.k.i.DiagnosticsManager]  [classpath + loader.0] file:/Users/coraline/Documents/projects/alice/db/neo4j/development/lib/neo4j-kernel-3.2.3.jar
2017-09-18 00:20:23.831+0000 INFO [o.n.k.i.DiagnosticsManager]  [loader.1] file:/System/Library/Java/Extensions/MRJToolkit.jar
2017-09-18 00:20:23.831+0000 INFO [o.n.k.i.DiagnosticsManager]  [classpath + loader.0] file:/Users/coraline/Documents/projects/alice/db/neo4j/development/lib/neo4j-command-line-3.2.3.jar
2017-09-18 00:20:23.831+0000 INFO [o.n.k.i.DiagnosticsManager]  [classpath + loader.0] file:/Users/coraline/Documents/projects/alice/db/neo4j/development/lib/neo4j-dbms-3.2.3.jar
2017-09-18 00:20:23.831+0000 INFO [o.n.k.i.DiagnosticsManager]  [classpath + loader.0] file:/Users/coraline/Documents/projects/alice/db/neo4j/development/lib/bcprov-jdk15on-1.53.jar
2017-09-18 00:20:23.831+0000 INFO [o.n.k.i.DiagnosticsManager]  [classpath + loader.0] file:/Users/coraline/Documents/projects/alice/db/neo4j/development/lib/jersey-servlet-1.19.jar
2017-09-18 00:20:23.831+0000 INFO [o.n.k.i.DiagnosticsManager]  [classpath + loader.0] file:/Users/coraline/Documents/projects/alice/db/neo4j/development/plugins/*
2017-09-18 00:20:23.831+0000 INFO [o.n.k.i.DiagnosticsManager]  [classpath + loader.0] file:/Users/coraline/Documents/projects/alice/db/neo4j/development/lib/neo4j-csv-3.2.3.jar
2017-09-18 00:20:23.831+0000 INFO [o.n.k.i.DiagnosticsManager]  [classpath + loader.0] file:/Users/coraline/Documents/projects/alice/db/neo4j/development/lib/jersey-core-1.19.jar
2017-09-18 00:20:23.831+0000 INFO [o.n.k.i.DiagnosticsManager]  [classpath + loader.0] file:/Users/coraline/Documents/projects/alice/db/neo4j/development/lib/lucene-analyzers-common-5.5.0.jar
2017-09-18 00:20:23.831+0000 INFO [o.n.k.i.DiagnosticsManager]  [classpath + loader.0] file:/Users/coraline/Documents/projects/alice/db/neo4j/development/lib/netty-all-4.1.8.Final.jar
2017-09-18 00:20:23.831+0000 INFO [o.n.k.i.DiagnosticsManager]  [classpath + loader.0] file:/Users/coraline/Documents/projects/alice/db/neo4j/development/lib/lucene-codecs-5.5.0.jar
2017-09-18 00:20:23.831+0000 INFO [o.n.k.i.DiagnosticsManager]  [bootstrap] /Library/Internet Plug-Ins/JavaAppletPlugin.plugin/Contents/Home/lib/rt.jar
2017-09-18 00:20:23.831+0000 INFO [o.n.k.i.DiagnosticsManager]  [classpath + loader.0] file:/Users/coraline/Documents/projects/alice/db/neo4j/development/lib/neo4j-graphdb-api-3.2.3.jar
2017-09-18 00:20:23.831+0000 INFO [o.n.k.i.DiagnosticsManager]  [classpath + loader.0] file:/Users/coraline/Documents/projects/alice/db/neo4j/development/lib/jersey-server-1.19.jar
2017-09-18 00:20:23.831+0000 INFO [o.n.k.i.DiagnosticsManager]  [bootstrap] /Library/Internet Plug-Ins/JavaAppletPlugin.plugin/Contents/Home/lib/jce.jar
2017-09-18 00:20:23.832+0000 INFO [o.n.k.i.DiagnosticsManager]  [classpath + loader.0] file:/Users/coraline/Documents/projects/alice/db/neo4j/development/lib/javax.servlet-api-3.1.0.jar
2017-09-18 00:20:23.832+0000 INFO [o.n.k.i.DiagnosticsManager]  [classpath + loader.0] file:/Users/coraline/Documents/projects/alice/db/neo4j/development/lib/neo4j-collections-3.2.3.jar
2017-09-18 00:20:23.832+0000 INFO [o.n.k.i.DiagnosticsManager]  [classpath + loader.0] file:/Users/coraline/Documents/projects/alice/db/neo4j/development/lib/neo4j-jmx-3.2.3.jar
2017-09-18 00:20:23.832+0000 INFO [o.n.k.i.DiagnosticsManager]  [classpath + loader.0] file:/Users/coraline/Documents/projects/alice/db/neo4j/development/lib/neo4j-udc-3.2.3.jar
2017-09-18 00:20:23.832+0000 INFO [o.n.k.i.DiagnosticsManager]  [classpath + loader.0] file:/Users/coraline/Documents/projects/alice/db/neo4j/development/lib/neo4j-resource-3.2.3.jar
2017-09-18 00:20:23.832+0000 INFO [o.n.k.i.DiagnosticsManager]  [classpath + loader.0] file:/Users/coraline/Documents/projects/alice/db/neo4j/development/lib/neo4j-unsafe-3.2.3.jar
2017-09-18 00:20:23.832+0000 INFO [o.n.k.i.DiagnosticsManager]  [classpath + loader.0] file:/Users/coraline/Documents/projects/alice/db/neo4j/development/lib/neo4j-io-3.2.3.jar
2017-09-18 00:20:23.832+0000 INFO [o.n.k.i.DiagnosticsManager]  [classpath + loader.0] file:/Users/coraline/Documents/projects/alice/db/neo4j/development/lib/neo4j-cypher-ir-3.2-3.2.3.jar
2017-09-18 00:20:23.832+0000 INFO [o.n.k.i.DiagnosticsManager]  [classpath + loader.0] file:/Users/coraline/Documents/projects/alice/db/neo4j/development/lib/opencsv-2.3.jar
2017-09-18 00:20:23.832+0000 INFO [o.n.k.i.DiagnosticsManager]  [classpath + loader.0] file:/Users/coraline/Documents/projects/alice/db/neo4j/development/lib/jetty-http-9.2.9.v20150224.jar
2017-09-18 00:20:23.832+0000 INFO [o.n.k.i.DiagnosticsManager]  [classpath + loader.0] file:/Users/coraline/Documents/projects/alice/db/neo4j/development/lib/jetty-io-9.2.9.v20150224.jar
2017-09-18 00:20:23.832+0000 INFO [o.n.k.i.DiagnosticsManager]  [classpath + loader.0] file:/Users/coraline/Documents/projects/alice/db/neo4j/development/lib/neo4j-logging-3.2.3.jar
2017-09-18 00:20:23.832+0000 INFO [o.n.k.i.DiagnosticsManager] Library path:
2017-09-18 00:20:23.832+0000 INFO [o.n.k.i.DiagnosticsManager] /Users/coraline/Library/Java/Extensions
2017-09-18 00:20:23.832+0000 INFO [o.n.k.i.DiagnosticsManager] /Library/Java/Extensions
2017-09-18 00:20:23.832+0000 INFO [o.n.k.i.DiagnosticsManager] /Network/Library/Java/Extensions
2017-09-18 00:20:23.832+0000 INFO [o.n.k.i.DiagnosticsManager] /System/Library/Java/Extensions
2017-09-18 00:20:23.832+0000 INFO [o.n.k.i.DiagnosticsManager] /usr/lib/java
2017-09-18 00:20:23.832+0000 INFO [o.n.k.i.DiagnosticsManager] /Users/coraline/Documents/projects/alice
2017-09-18 00:20:23.832+0000 INFO [o.n.k.i.DiagnosticsManager] System.properties:
2017-09-18 00:20:23.833+0000 INFO [o.n.k.i.DiagnosticsManager] sun.boot.library.path = /Library/Internet Plug-Ins/JavaAppletPlugin.plugin/Contents/Home/lib
2017-09-18 00:20:23.833+0000 INFO [o.n.k.i.DiagnosticsManager] gopherProxySet = false
2017-09-18 00:20:23.833+0000 INFO [o.n.k.i.DiagnosticsManager] path.separator = :
2017-09-18 00:20:23.833+0000 INFO [o.n.k.i.DiagnosticsManager] file.encoding.pkg = sun.io
2017-09-18 00:20:23.833+0000 INFO [o.n.k.i.DiagnosticsManager] user.country = US
2017-09-18 00:20:23.833+0000 INFO [o.n.k.i.DiagnosticsManager] sun.java.launcher = SUN_STANDARD
2017-09-18 00:20:23.833+0000 INFO [o.n.k.i.DiagnosticsManager] sun.os.patch.level = unknown
2017-09-18 00:20:23.833+0000 INFO [o.n.k.i.DiagnosticsManager] user.dir = /Users/coraline/Documents/projects/alice
2017-09-18 00:20:23.833+0000 INFO [o.n.k.i.DiagnosticsManager] sun.jnu.encoding = UTF-8
2017-09-18 00:20:23.833+0000 INFO [o.n.k.i.DiagnosticsManager] sun.nio.ch.bugLevel = 
2017-09-18 00:20:23.833+0000 INFO [o.n.k.i.DiagnosticsManager] unsupported.dbms.udc.source = tarball
2017-09-18 00:20:23.833+0000 INFO [o.n.k.i.DiagnosticsManager] sun.management.compiler = HotSpot 64-Bit Tiered Compilers
2017-09-18 00:20:23.833+0000 INFO [o.n.k.i.DiagnosticsManager] user.home = /Users/coraline
2017-09-18 00:20:23.833+0000 INFO [o.n.k.i.DiagnosticsManager] user.timezone = America/Chicago
2017-09-18 00:20:23.833+0000 INFO [o.n.k.i.DiagnosticsManager] file.encoding = UTF-8
2017-09-18 00:20:23.833+0000 INFO [o.n.k.i.DiagnosticsManager] user.name = coraline
2017-09-18 00:20:23.833+0000 INFO [o.n.k.i.DiagnosticsManager] sun.java.command = org.neo4j.server.CommunityEntryPoint --home-dir=/Users/coraline/Documents/projects/alice/db/neo4j/DEVELOPMENT --config-dir=/Users/coraline/Documents/projects/alice/db/neo4j/DEVELOPMENT/conf
2017-09-18 00:20:23.833+0000 INFO [o.n.k.i.DiagnosticsManager] sun.arch.data.model = 64
2017-09-18 00:20:23.833+0000 INFO [o.n.k.i.DiagnosticsManager] user.language = en
2017-09-18 00:20:23.833+0000 INFO [o.n.k.i.DiagnosticsManager] awt.toolkit = sun.lwawt.macosx.LWCToolkit
2017-09-18 00:20:23.833+0000 INFO [o.n.k.i.DiagnosticsManager] jdk.tls.ephemeralDHKeySize = 2048
2017-09-18 00:20:23.833+0000 INFO [o.n.k.i.DiagnosticsManager] file.separator = /
2017-09-18 00:20:23.833+0000 INFO [o.n.k.i.DiagnosticsManager] sun.io.unicode.encoding = UnicodeBig
2017-09-18 00:20:23.833+0000 INFO [o.n.k.i.DiagnosticsManager] sun.cpu.endian = little
2017-09-18 00:20:23.833+0000 INFO [o.n.k.i.DiagnosticsManager] sun.cpu.isalist = 
2017-09-18 00:20:23.833+0000 INFO [o.n.k.i.DiagnosticsManager] Network information:
2017-09-18 00:20:23.834+0000 INFO [o.n.k.i.DiagnosticsManager] Interface utun1:
2017-09-18 00:20:23.834+0000 INFO [o.n.k.i.DiagnosticsManager]     address: fe80:0:0:0:3415:3010:95d3:fd93%utun1
2017-09-18 00:20:23.834+0000 INFO [o.n.k.i.DiagnosticsManager] Interface utun0:
2017-09-18 00:20:23.834+0000 INFO [o.n.k.i.DiagnosticsManager]     address: fe80:0:0:0:8c65:679:9318:6985%utun0
2017-09-18 00:20:23.834+0000 INFO [o.n.k.i.DiagnosticsManager] Interface awdl0:
2017-09-18 00:20:23.834+0000 INFO [o.n.k.i.DiagnosticsManager]     address: fe80:0:0:0:d0da:56ff:fec3:d74e%awdl0
2017-09-18 00:20:23.834+0000 INFO [o.n.k.i.DiagnosticsManager] Interface en0:
2017-09-18 00:20:23.834+0000 INFO [o.n.k.i.DiagnosticsManager]     address: 2601:243:204:61b0:944b:74df:8db7:c1ad
2017-09-18 00:20:23.834+0000 INFO [o.n.k.i.DiagnosticsManager]     address: 2601:243:204:61b0:d443:53ba:11b3:8e6f
2017-09-18 00:20:23.834+0000 INFO [o.n.k.i.DiagnosticsManager]     address: 2601:243:204:61b0:4404:a59d:63f6:451e
2017-09-18 00:20:23.834+0000 INFO [o.n.k.i.DiagnosticsManager]     address: 2601:243:204:61b0:144c:2ec3:a666:5209
2017-09-18 00:20:23.834+0000 INFO [o.n.k.i.DiagnosticsManager]     address: fe80:0:0:0:14b7:3bff:fb92:43c2%en0
2017-09-18 00:20:23.834+0000 INFO [o.n.k.i.DiagnosticsManager]     address: 192.168.0.17
2017-09-18 00:20:23.834+0000 INFO [o.n.k.i.DiagnosticsManager] Interface lo0:
2017-09-18 00:20:23.834+0000 INFO [o.n.k.i.DiagnosticsManager]     address: fe80:0:0:0:0:0:0:1%lo0
2017-09-18 00:20:23.834+0000 INFO [o.n.k.i.DiagnosticsManager]     address: 0:0:0:0:0:0:0:1
2017-09-18 00:20:23.834+0000 INFO [o.n.k.i.DiagnosticsManager]     address: 127.0.0.1
2017-09-18 00:20:23.835+0000 INFO [o.n.k.i.DiagnosticsManager] Store versions:
2017-09-18 00:20:23.835+0000 INFO [o.n.k.i.DiagnosticsManager] Store versions:
2017-09-18 00:20:23.836+0000 INFO [o.n.k.i.DiagnosticsManager]   ArrayPropertyStore v0.A.8
2017-09-18 00:20:23.836+0000 INFO [o.n.k.i.DiagnosticsManager]   NodeStore v0.A.8
2017-09-18 00:20:23.836+0000 INFO [o.n.k.i.DiagnosticsManager]   StringPropertyStore v0.A.8
2017-09-18 00:20:23.837+0000 INFO [o.n.k.i.DiagnosticsManager]   PropertyIndexStore v0.A.8
2017-09-18 00:20:23.837+0000 INFO [o.n.k.i.DiagnosticsManager]   StringPropertyStore v0.A.8
2017-09-18 00:20:23.837+0000 INFO [o.n.k.i.DiagnosticsManager]   ArrayPropertyStore v0.A.8
2017-09-18 00:20:23.837+0000 INFO [o.n.k.i.DiagnosticsManager]   PropertyStore v0.A.8
2017-09-18 00:20:23.837+0000 INFO [o.n.k.i.DiagnosticsManager]   RelationshipStore v0.A.8
2017-09-18 00:20:23.837+0000 INFO [o.n.k.i.DiagnosticsManager]   StringPropertyStore v0.A.8
2017-09-18 00:20:23.837+0000 INFO [o.n.k.i.DiagnosticsManager]   RelationshipTypeStore v0.A.8
2017-09-18 00:20:23.837+0000 INFO [o.n.k.i.DiagnosticsManager]   StringPropertyStore v0.A.8
2017-09-18 00:20:23.837+0000 INFO [o.n.k.i.DiagnosticsManager]   LabelTokenStore v0.A.8
2017-09-18 00:20:23.837+0000 INFO [o.n.k.i.DiagnosticsManager]   SchemaStore v0.A.8
2017-09-18 00:20:23.837+0000 INFO [o.n.k.i.DiagnosticsManager]   RelationshipGroupStore v0.A.8
2017-09-18 00:20:23.837+0000 INFO [o.n.k.i.DiagnosticsManager]   NeoStore v0.A.8
2017-09-18 00:20:23.837+0000 INFO [o.n.k.i.DiagnosticsManager] Id usage:
2017-09-18 00:20:23.837+0000 INFO [o.n.k.i.DiagnosticsManager] Id usage:
2017-09-18 00:20:23.838+0000 INFO [o.n.k.i.DiagnosticsManager]   ArrayPropertyStore: used=1 high=0
2017-09-18 00:20:23.838+0000 INFO [o.n.k.i.DiagnosticsManager]   NodeStore: used=91 high=704
2017-09-18 00:20:23.838+0000 INFO [o.n.k.i.DiagnosticsManager]   StringPropertyStore: used=6 high=5
2017-09-18 00:20:23.838+0000 INFO [o.n.k.i.DiagnosticsManager]   PropertyIndexStore: used=5 high=4
2017-09-18 00:20:23.838+0000 INFO [o.n.k.i.DiagnosticsManager]   StringPropertyStore: used=1 high=24
2017-09-18 00:20:23.838+0000 INFO [o.n.k.i.DiagnosticsManager]   ArrayPropertyStore: used=1 high=0
2017-09-18 00:20:23.838+0000 INFO [o.n.k.i.DiagnosticsManager]   PropertyStore: used=180 high=247
2017-09-18 00:20:23.838+0000 INFO [o.n.k.i.DiagnosticsManager]   RelationshipStore: used=104 high=1438
2017-09-18 00:20:23.838+0000 INFO [o.n.k.i.DiagnosticsManager]   StringPropertyStore: used=5 high=4
2017-09-18 00:20:23.838+0000 INFO [o.n.k.i.DiagnosticsManager]   RelationshipTypeStore: used=4 high=3
2017-09-18 00:20:23.838+0000 INFO [o.n.k.i.DiagnosticsManager]   StringPropertyStore: used=9 high=8
2017-09-18 00:20:23.838+0000 INFO [o.n.k.i.DiagnosticsManager]   LabelTokenStore: used=7 high=6
2017-09-18 00:20:23.838+0000 INFO [o.n.k.i.DiagnosticsManager]   SchemaStore: used=44 high=43
2017-09-18 00:20:23.838+0000 INFO [o.n.k.i.DiagnosticsManager]   RelationshipGroupStore: used=1 high=9
2017-09-18 00:20:23.838+0000 INFO [o.n.k.i.DiagnosticsManager]   NeoStore: used=15 high=14
2017-09-18 00:20:23.838+0000 INFO [o.n.k.i.DiagnosticsManager] Neostore records:
2017-09-18 00:20:23.841+0000 INFO [o.n.k.i.DiagnosticsManager] TIME (Creation time): 1505364286052
2017-09-18 00:20:23.841+0000 INFO [o.n.k.i.DiagnosticsManager] RANDOM_NUMBER (Random number for store id): 5831402364338857246
2017-09-18 00:20:23.841+0000 INFO [o.n.k.i.DiagnosticsManager] LOG_VERSION (Current log version): 0
2017-09-18 00:20:23.842+0000 INFO [o.n.k.i.DiagnosticsManager] LAST_TRANSACTION_ID (Last committed transaction): 2795
2017-09-18 00:20:23.842+0000 INFO [o.n.k.i.DiagnosticsManager] STORE_VERSION (Store format version): 15813456178476550
2017-09-18 00:20:23.842+0000 INFO [o.n.k.i.DiagnosticsManager] FIRST_GRAPH_PROPERTY (First property record containing graph properties): -1
2017-09-18 00:20:23.842+0000 INFO [o.n.k.i.DiagnosticsManager] LAST_CONSTRAINT_TRANSACTION (Last committed transaction containing constraint changes): 2794
2017-09-18 00:20:23.842+0000 INFO [o.n.k.i.DiagnosticsManager] UPGRADE_TRANSACTION_ID (Transaction id most recent upgrade was performed at): 1
2017-09-18 00:20:23.842+0000 INFO [o.n.k.i.DiagnosticsManager] UPGRADE_TIME (Time of last upgrade): 1505364286052
2017-09-18 00:20:23.842+0000 INFO [o.n.k.i.DiagnosticsManager] LAST_TRANSACTION_CHECKSUM (Checksum of last committed transaction): -161108205357
2017-09-18 00:20:23.842+0000 INFO [o.n.k.i.DiagnosticsManager] UPGRADE_TRANSACTION_CHECKSUM (Checksum of transaction id the most recent upgrade was performed at): 0
2017-09-18 00:20:23.843+0000 INFO [o.n.k.i.DiagnosticsManager] LAST_CLOSED_TRANSACTION_LOG_VERSION (Log version where the last transaction commit entry has been written into): 0
2017-09-18 00:20:23.843+0000 INFO [o.n.k.i.DiagnosticsManager] LAST_CLOSED_TRANSACTION_LOG_BYTE_OFFSET (Byte offset in the log file where the last transaction commit entry has been written into): 1567140
2017-09-18 00:20:23.843+0000 INFO [o.n.k.i.DiagnosticsManager] LAST_TRANSACTION_COMMIT_TIMESTAMP (Commit time timestamp for last committed transaction): 1505673786824
2017-09-18 00:20:23.844+0000 INFO [o.n.k.i.DiagnosticsManager] UPGRADE_TRANSACTION_COMMIT_TIMESTAMP (Commit timestamp of transaction the most recent upgrade was performed at): 0
2017-09-18 00:20:23.844+0000 INFO [o.n.k.i.DiagnosticsManager] Transaction log:
2017-09-18 00:20:23.845+0000 INFO [o.n.k.i.DiagnosticsManager] No transactions found in any log
2017-09-18 00:20:23.846+0000 INFO [o.n.k.i.DiagnosticsManager] Disk space on partition (Total / Free / Free %): 496323264512 / 38805020672 / 7
Storage files: (filename : modification date - size)
2017-09-18 00:20:23.846+0000 INFO [o.n.k.i.DiagnosticsManager]   index:
2017-09-18 00:20:23.846+0000 INFO [o.n.k.i.DiagnosticsManager]   - Total: 2017-09-13T23:44:46-0500 - 0.00 B
2017-09-18 00:20:23.846+0000 INFO [o.n.k.i.DiagnosticsManager]   schema:
2017-09-18 00:20:23.847+0000 INFO [o.n.k.i.DiagnosticsManager]     index:
2017-09-18 00:20:23.847+0000 INFO [o.n.k.i.DiagnosticsManager]       lucene:
2017-09-18 00:20:23.847+0000 INFO [o.n.k.i.DiagnosticsManager]         1:
2017-09-18 00:20:23.847+0000 INFO [o.n.k.i.DiagnosticsManager]           1:
2017-09-18 00:20:23.847+0000 INFO [o.n.k.i.DiagnosticsManager]             segments_h: 2017-09-17T13:43:07-0500 - 150.00 B
2017-09-18 00:20:23.847+0000 INFO [o.n.k.i.DiagnosticsManager]           - Total: 2017-09-17T19:20:23-0500 - 150.00 B
2017-09-18 00:20:23.847+0000 INFO [o.n.k.i.DiagnosticsManager]         - Total: 2017-09-17T19:20:23-0500 - 150.00 B
2017-09-18 00:20:23.847+0000 INFO [o.n.k.i.DiagnosticsManager]         11:
2017-09-18 00:20:23.847+0000 INFO [o.n.k.i.DiagnosticsManager]           1:
2017-09-18 00:20:23.847+0000 INFO [o.n.k.i.DiagnosticsManager]             _gk.cfe: 2017-09-17T11:33:25-0500 - 305.00 B
2017-09-18 00:20:23.848+0000 INFO [o.n.k.i.DiagnosticsManager]             _gk.cfs: 2017-09-17T11:33:25-0500 - 4.14 kB
2017-09-18 00:20:23.848+0000 INFO [o.n.k.i.DiagnosticsManager]             _gk.si: 2017-09-17T11:33:25-0500 - 401.00 B
2017-09-18 00:20:23.848+0000 INFO [o.n.k.i.DiagnosticsManager]             segments_h: 2017-09-17T13:43:07-0500 - 151.00 B
2017-09-18 00:20:23.848+0000 INFO [o.n.k.i.DiagnosticsManager]           - Total: 2017-09-17T19:20:23-0500 - 4.97 kB
2017-09-18 00:20:23.848+0000 INFO [o.n.k.i.DiagnosticsManager]         - Total: 2017-09-17T19:20:23-0500 - 4.97 kB
2017-09-18 00:20:23.848+0000 INFO [o.n.k.i.DiagnosticsManager]         16:
2017-09-18 00:20:23.848+0000 INFO [o.n.k.i.DiagnosticsManager]           1:
2017-09-18 00:20:23.849+0000 INFO [o.n.k.i.DiagnosticsManager]             segments_2: 2017-09-17T13:43:07-0500 - 85.00 B
2017-09-18 00:20:23.849+0000 INFO [o.n.k.i.DiagnosticsManager]             write.lock: 2017-09-17T13:43:06-0500 - 0.00 B
2017-09-18 00:20:23.850+0000 INFO [o.n.k.i.DiagnosticsManager]           - Total: 2017-09-17T13:43:07-0500 - 85.00 B
2017-09-18 00:20:23.850+0000 INFO [o.n.k.i.DiagnosticsManager]           failure-message: 2017-09-17T13:43:06-0500 - 16.00 kB
2017-09-18 00:20:23.850+0000 INFO [o.n.k.i.DiagnosticsManager]         - Total: 2017-09-17T13:43:06-0500 - 16.08 kB
2017-09-18 00:20:23.850+0000 INFO [o.n.k.i.DiagnosticsManager]         21:
2017-09-18 00:20:23.850+0000 INFO [o.n.k.i.DiagnosticsManager]           1:
2017-09-18 00:20:23.850+0000 INFO [o.n.k.i.DiagnosticsManager]             segments_3: 2017-09-17T13:43:07-0500 - 85.00 B
2017-09-18 00:20:23.850+0000 INFO [o.n.k.i.DiagnosticsManager]             write.lock: 2017-09-17T13:43:06-0500 - 0.00 B
2017-09-18 00:20:23.851+0000 INFO [o.n.k.i.DiagnosticsManager]           - Total: 2017-09-17T13:43:07-0500 - 85.00 B
2017-09-18 00:20:23.851+0000 INFO [o.n.k.i.DiagnosticsManager]           failure-message: 2017-09-17T13:43:06-0500 - 16.00 kB
2017-09-18 00:20:23.851+0000 INFO [o.n.k.i.DiagnosticsManager]         - Total: 2017-09-17T13:43:06-0500 - 16.08 kB
2017-09-18 00:20:23.851+0000 INFO [o.n.k.i.DiagnosticsManager]         23:
2017-09-18 00:20:23.851+0000 INFO [o.n.k.i.DiagnosticsManager]           1:
2017-09-18 00:20:23.851+0000 INFO [o.n.k.i.DiagnosticsManager]             segments_2: 2017-09-17T13:43:07-0500 - 85.00 B
2017-09-18 00:20:23.851+0000 INFO [o.n.k.i.DiagnosticsManager]             write.lock: 2017-09-17T13:43:06-0500 - 0.00 B
2017-09-18 00:20:23.851+0000 INFO [o.n.k.i.DiagnosticsManager]           - Total: 2017-09-17T13:43:07-0500 - 85.00 B
2017-09-18 00:20:23.851+0000 INFO [o.n.k.i.DiagnosticsManager]           failure-message: 2017-09-17T13:43:06-0500 - 16.00 kB
2017-09-18 00:20:23.851+0000 INFO [o.n.k.i.DiagnosticsManager]         - Total: 2017-09-17T13:43:06-0500 - 16.08 kB
2017-09-18 00:20:23.852+0000 INFO [o.n.k.i.DiagnosticsManager]         28:
2017-09-18 00:20:23.852+0000 INFO [o.n.k.i.DiagnosticsManager]           1:
2017-09-18 00:20:23.852+0000 INFO [o.n.k.i.DiagnosticsManager]             segments_3: 2017-09-17T13:43:07-0500 - 85.00 B
2017-09-18 00:20:23.852+0000 INFO [o.n.k.i.DiagnosticsManager]             write.lock: 2017-09-17T13:43:06-0500 - 0.00 B
2017-09-18 00:20:23.852+0000 INFO [o.n.k.i.DiagnosticsManager]           - Total: 2017-09-17T13:43:07-0500 - 85.00 B
2017-09-18 00:20:23.852+0000 INFO [o.n.k.i.DiagnosticsManager]           failure-message: 2017-09-17T13:43:06-0500 - 16.00 kB
2017-09-18 00:20:23.852+0000 INFO [o.n.k.i.DiagnosticsManager]         - Total: 2017-09-17T13:43:06-0500 - 16.08 kB
2017-09-18 00:20:23.852+0000 INFO [o.n.k.i.DiagnosticsManager]         30:
2017-09-18 00:20:23.852+0000 INFO [o.n.k.i.DiagnosticsManager]           1:
2017-09-18 00:20:23.852+0000 INFO [o.n.k.i.DiagnosticsManager]             segments_2: 2017-09-17T13:43:07-0500 - 85.00 B
2017-09-18 00:20:23.852+0000 INFO [o.n.k.i.DiagnosticsManager]             write.lock: 2017-09-17T13:43:06-0500 - 0.00 B
2017-09-18 00:20:23.853+0000 INFO [o.n.k.i.DiagnosticsManager]           - Total: 2017-09-17T13:43:07-0500 - 85.00 B
2017-09-18 00:20:23.853+0000 INFO [o.n.k.i.DiagnosticsManager]           failure-message: 2017-09-17T13:43:06-0500 - 16.00 kB
2017-09-18 00:20:23.853+0000 INFO [o.n.k.i.DiagnosticsManager]         - Total: 2017-09-17T13:43:06-0500 - 16.08 kB
2017-09-18 00:20:23.853+0000 INFO [o.n.k.i.DiagnosticsManager]         35:
2017-09-18 00:20:23.853+0000 INFO [o.n.k.i.DiagnosticsManager]           1:
2017-09-18 00:20:23.853+0000 INFO [o.n.k.i.DiagnosticsManager]             segments_3: 2017-09-17T13:43:07-0500 - 85.00 B
2017-09-18 00:20:23.853+0000 INFO [o.n.k.i.DiagnosticsManager]             write.lock: 2017-09-17T13:43:06-0500 - 0.00 B
2017-09-18 00:20:23.853+0000 INFO [o.n.k.i.DiagnosticsManager]           - Total: 2017-09-17T13:43:07-0500 - 85.00 B
2017-09-18 00:20:23.854+0000 INFO [o.n.k.i.DiagnosticsManager]           failure-message: 2017-09-17T13:43:06-0500 - 16.00 kB
2017-09-18 00:20:23.854+0000 INFO [o.n.k.i.DiagnosticsManager]         - Total: 2017-09-17T13:43:06-0500 - 16.08 kB
2017-09-18 00:20:23.854+0000 INFO [o.n.k.i.DiagnosticsManager]         37:
2017-09-18 00:20:23.854+0000 INFO [o.n.k.i.DiagnosticsManager]           1:
2017-09-18 00:20:23.854+0000 INFO [o.n.k.i.DiagnosticsManager]             segments_2: 2017-09-17T13:43:07-0500 - 85.00 B
2017-09-18 00:20:23.854+0000 INFO [o.n.k.i.DiagnosticsManager]             write.lock: 2017-09-17T13:43:06-0500 - 0.00 B
2017-09-18 00:20:23.854+0000 INFO [o.n.k.i.DiagnosticsManager]           - Total: 2017-09-17T13:43:07-0500 - 85.00 B
2017-09-18 00:20:23.854+0000 INFO [o.n.k.i.DiagnosticsManager]           failure-message: 2017-09-17T13:43:06-0500 - 16.00 kB
2017-09-18 00:20:23.855+0000 INFO [o.n.k.i.DiagnosticsManager]         - Total: 2017-09-17T13:43:06-0500 - 16.08 kB
2017-09-18 00:20:23.855+0000 INFO [o.n.k.i.DiagnosticsManager]         42:
2017-09-18 00:20:23.855+0000 INFO [o.n.k.i.DiagnosticsManager]           1:
2017-09-18 00:20:23.857+0000 INFO [o.n.k.i.DiagnosticsManager]             segments_3: 2017-09-17T13:43:07-0500 - 85.00 B
2017-09-18 00:20:23.857+0000 INFO [o.n.k.i.DiagnosticsManager]             write.lock: 2017-09-17T13:43:06-0500 - 0.00 B
2017-09-18 00:20:23.857+0000 INFO [o.n.k.i.DiagnosticsManager]           - Total: 2017-09-17T13:43:07-0500 - 85.00 B
2017-09-18 00:20:23.857+0000 INFO [o.n.k.i.DiagnosticsManager]           failure-message: 2017-09-17T13:43:06-0500 - 16.00 kB
2017-09-18 00:20:23.857+0000 INFO [o.n.k.i.DiagnosticsManager]         - Total: 2017-09-17T13:43:06-0500 - 16.08 kB
2017-09-18 00:20:23.857+0000 INFO [o.n.k.i.DiagnosticsManager]         6:
2017-09-18 00:20:23.857+0000 INFO [o.n.k.i.DiagnosticsManager]           1:
2017-09-18 00:20:23.857+0000 INFO [o.n.k.i.DiagnosticsManager]             _lu.cfe: 2017-09-17T11:33:25-0500 - 305.00 B
2017-09-18 00:20:23.858+0000 INFO [o.n.k.i.DiagnosticsManager]             _lu.cfs: 2017-09-17T11:33:25-0500 - 2.87 kB
2017-09-18 00:20:23.858+0000 INFO [o.n.k.i.DiagnosticsManager]             _lu.si: 2017-09-17T11:33:25-0500 - 401.00 B
2017-09-18 00:20:23.858+0000 INFO [o.n.k.i.DiagnosticsManager]             segments_h: 2017-09-17T13:43:07-0500 - 151.00 B
2017-09-18 00:20:23.858+0000 INFO [o.n.k.i.DiagnosticsManager]           - Total: 2017-09-17T19:20:23-0500 - 3.71 kB
2017-09-18 00:20:23.858+0000 INFO [o.n.k.i.DiagnosticsManager]         - Total: 2017-09-17T19:20:23-0500 - 3.71 kB
2017-09-18 00:20:23.858+0000 INFO [o.n.k.i.DiagnosticsManager]       - Total: 2017-09-17T13:43:06-0500 - 137.50 kB
2017-09-18 00:20:23.858+0000 INFO [o.n.k.i.DiagnosticsManager]     - Total: 2017-09-14T00:13:56-0500 - 137.50 kB
2017-09-18 00:20:23.858+0000 INFO [o.n.k.i.DiagnosticsManager]   - Total: 2017-09-14T00:13:56-0500 - 137.50 kB
2017-09-18 00:20:23.858+0000 INFO [o.n.k.i.l.StoreLogService] Rotated internal log file
2017-09-18 00:20:23.859+0000 ERROR [o.n.k.i.u.w.DefaultFileDeletionEventListener] 'neostore.propertystore.db.index.id' which belongs to the store was deleted while database was running.
2017-09-18 00:20:23.866+0000 ERROR [o.n.k.i.u.w.DefaultFileDeletionEventListener] 'neostore.nodestore.db' which belongs to the store was deleted while database was running.
2017-09-18 00:20:23.866+0000 ERROR [o.n.k.i.u.w.DefaultFileDeletionEventListener] 'neostore.propertystore.db' which belongs to the store was deleted while database was running.
2017-09-18 00:20:23.866+0000 ERROR [o.n.k.i.u.w.DefaultFileDeletionEventListener] 'neostore.nodestore.db.labels.id' which belongs to the store was deleted while database was running.
2017-09-18 00:20:23.866+0000 ERROR [o.n.k.i.u.w.DefaultFileDeletionEventListener] 'neostore.nodestore.db.id' which belongs to the store was deleted while database was running.
2017-09-18 00:20:23.866+0000 ERROR [o.n.k.i.u.w.DefaultFileDeletionEventListener] 'neostore.labeltokenstore.db.names' which belongs to the store was deleted while database was running.
2017-09-18 00:20:23.867+0000 ERROR [o.n.k.i.u.w.DefaultFileDeletionEventListener] 'neostore.propertystore.db.index' which belongs to the store was deleted while database was running.
2017-09-18 00:20:23.867+0000 ERROR [o.n.k.i.u.w.DefaultFileDeletionEventListener] 'neostore.relationshiptypestore.db' which belongs to the store was deleted while database was running.
2017-09-18 00:20:23.867+0000 ERROR [o.n.k.i.u.w.DefaultFileDeletionEventListener] 'neostore.relationshipstore.db.id' which belongs to the store was deleted while database was running.
2017-09-18 00:20:23.867+0000 ERROR [o.n.k.i.u.w.DefaultFileDeletionEventListener] 'neostore.id' which belongs to the store was deleted while database was running.
2017-09-18 00:20:23.867+0000 ERROR [o.n.k.i.u.w.DefaultFileDeletionEventListener] 'neostore.schemastore.db.id' which belongs to the store was deleted while database was running.
2017-09-18 00:20:23.867+0000 ERROR [o.n.k.i.u.w.DefaultFileDeletionEventListener] 'store_lock' which belongs to the store was deleted while database was running.
2017-09-18 00:20:23.867+0000 ERROR [o.n.k.i.u.w.DefaultFileDeletionEventListener] 'neostore.propertystore.db.index.keys' which belongs to the store was deleted while database was running.
2017-09-18 00:20:23.867+0000 ERROR [o.n.k.i.u.w.DefaultFileDeletionEventListener] 'neostore.propertystore.db.arrays.id' which belongs to the store was deleted while database was running.
2017-09-18 00:20:23.867+0000 ERROR [o.n.k.i.u.w.DefaultFileDeletionEventListener] 'neostore.relationshipgroupstore.db' which belongs to the store was deleted while database was running.
2017-09-18 00:20:23.867+0000 ERROR [o.n.k.i.u.w.DefaultFileDeletionEventListener] 'neostore.relationshiptypestore.db.id' which belongs to the store was deleted while database was running.
2017-09-18 00:20:23.867+0000 ERROR [o.n.k.i.u.w.DefaultFileDeletionEventListener] 'neostore.labeltokenstore.db' which belongs to the store was deleted while database was running.
2017-09-18 00:20:23.867+0000 ERROR [o.n.k.i.u.w.DefaultFileDeletionEventListener] 'neostore.propertystore.db.id' which belongs to the store was deleted while database was running.
2017-09-18 00:20:23.867+0000 ERROR [o.n.k.i.u.w.DefaultFileDeletionEventListener] 'neostore.relationshiptypestore.db.names.id' which belongs to the store was deleted while database was running.
2017-09-18 00:20:23.867+0000 ERROR [o.n.k.i.u.w.DefaultFileDeletionEventListener] 'neostore.propertystore.db.strings' which belongs to the store was deleted while database was running.
2017-09-18 00:20:23.867+0000 ERROR [o.n.k.i.u.w.DefaultFileDeletionEventListener] 'neostore.labelscanstore.db' which belongs to the store was deleted while database was running.
2017-09-18 00:20:23.867+0000 ERROR [o.n.k.i.u.w.DefaultFileDeletionEventListener] 'neostore.counts.db.b' which belongs to the store was deleted while database was running.
2017-09-18 00:20:23.867+0000 ERROR [o.n.k.i.u.w.DefaultFileDeletionEventListener] 'neostore.counts.db.a' which belongs to the store was deleted while database was running.
2017-09-18 00:20:23.867+0000 ERROR [o.n.k.i.u.w.DefaultFileDeletionEventListener] 'neostore.relationshiptypestore.db.names' which belongs to the store was deleted while database was running.
2017-09-18 00:20:23.867+0000 ERROR [o.n.k.i.u.w.DefaultFileDeletionEventListener] 'neostore.nodestore.db.labels' which belongs to the store was deleted while database was running.
2017-09-18 00:20:23.867+0000 ERROR [o.n.k.i.u.w.DefaultFileDeletionEventListener] 'neostore.propertystore.db.strings.id' which belongs to the store was deleted while database was running.
2017-09-18 00:20:23.867+0000 ERROR [o.n.k.i.u.w.DefaultFileDeletionEventListener] 'neostore.schemastore.db' which belongs to the store was deleted while database was running.
2017-09-18 00:20:23.867+0000 ERROR [o.n.k.i.u.w.DefaultFileDeletionEventListener] 'neostore.propertystore.db.index.keys.id' which belongs to the store was deleted while database was running.
2017-09-18 00:20:23.868+0000 ERROR [o.n.k.i.u.w.DefaultFileDeletionEventListener] 'neostore.relationshipgroupstore.db.id' which belongs to the store was deleted while database was running.
2017-09-18 00:20:23.868+0000 ERROR [o.n.k.i.u.w.DefaultFileDeletionEventListener] 'neostore.relationshipstore.db' which belongs to the store was deleted while database was running.
